The system is: Linux - 2.6.32-504.3.3.el6.x86_64 - x86_64
Compiling the C compiler identification source file "CMakeCCompilerId.c" succeeded.
Compiler: /usr/bin/gcc 
Build flags: 
Id flags: 

The output was:
0


Compilation of the C compiler identification source "CMakeCCompilerId.c" produced "a.out"

The C compiler identification is GNU, found in "/home/gacgroup/shuyaota/Geant4/MDMTrace/build/CMakeFiles/CompilerIdC/a.out"

Compiling the CXX compiler identification source file "CMakeCXXCompilerId.cpp" succeeded.
Compiler: /usr/bin/c++ 
Build flags: 
Id flags: 

The output was:
0
CMakeCXXCompilerId.cpp:67: warning: deprecated conversion from string constant to ‘char*’
CMakeCXXCompilerId.cpp:157: warning: deprecated conversion from string constant to ‘char*’


Compilation of the CXX compiler identification source "CMakeCXXCompilerId.cpp" produced "a.out"

The CXX compiler identification is GNU, found in "/home/gacgroup/shuyaota/Geant4/MDMTrace/build/CMakeFiles/CompilerIdCXX/a.out"

Determining if the C compiler works passed with the following output:
Change Dir: /home/gacgroup/shuyaota/Geant4/MDMTrace/build/CMakeFiles/CMakeTmp

Run Build Command:/usr/bin/gmake "cmTryCompileExec/fast"
/usr/bin/gmake -f CMakeFiles/cmTryCompileExec.dir/build.make CMakeFiles/cmTryCompileExec.dir/build
gmake[1]: Entering directory `/home/gacgroup/shuyaota/Geant4/MDMTrace/build/CMakeFiles/CMakeTmp'
/usr/bin/cmake -E cmake_progress_report /home/gacgroup/shuyaota/Geant4/MDMTrace/build/CMakeFiles/CMakeTmp/CMakeFiles 1
Building C object CMakeFiles/cmTryCompileExec.dir/testCCompiler.c.o
/usr/bin/gcc    -o CMakeFiles/cmTryCompileExec.dir/testCCompiler.c.o   -c /home/gacgroup/shuyaota/Geant4/MDMTrace/build/CMakeFiles/CMakeTmp/testCCompiler.c
Linking C executable cmTryCompileExec
/usr/bin/cmake -E cmake_link_script CMakeFiles/cmTryCompileExec.dir/link.txt --verbose=1
/usr/bin/gcc       -fPIC CMakeFiles/cmTryCompileExec.dir/testCCompiler.c.o  -o cmTryCompileExec -rdynamic 
gmake[1]: Leaving directory `/home/gacgroup/shuyaota/Geant4/MDMTrace/build/CMakeFiles/CMakeTmp'


Detecting C compiler ABI info compiled with the following output:
Change Dir: /home/gacgroup/shuyaota/Geant4/MDMTrace/build/CMakeFiles/CMakeTmp

Run Build Command:/usr/bin/gmake "cmTryCompileExec/fast"
/usr/bin/gmake -f CMakeFiles/cmTryCompileExec.dir/build.make CMakeFiles/cmTryCompileExec.dir/build
gmake[1]: Entering directory `/home/gacgroup/shuyaota/Geant4/MDMTrace/build/CMakeFiles/CMakeTmp'
/usr/bin/cmake -E cmake_progress_report /home/gacgroup/shuyaota/Geant4/MDMTrace/build/CMakeFiles/CMakeTmp/CMakeFiles 1
Building C object CMakeFiles/cmTryCompileExec.dir/CMakeCCompilerABI.c.o
/usr/bin/gcc    -o CMakeFiles/cmTryCompileExec.dir/CMakeCCompilerABI.c.o   -c /usr/share/cmake/Modules/CMakeCCompilerABI.c
Linking C executable cmTryCompileExec
/usr/bin/cmake -E cmake_link_script CMakeFiles/cmTryCompileExec.dir/link.txt --verbose=1
/usr/bin/gcc       -fPIC CMakeFiles/cmTryCompileExec.dir/CMakeCCompilerABI.c.o  -o cmTryCompileExec -rdynamic 
gmake[1]: Leaving directory `/home/gacgroup/shuyaota/Geant4/MDMTrace/build/CMakeFiles/CMakeTmp'


Determining if the CXX compiler works passed with the following output:
Change Dir: /home/gacgroup/shuyaota/Geant4/MDMTrace/build/CMakeFiles/CMakeTmp

Run Build Command:/usr/bin/gmake "cmTryCompileExec/fast"
/usr/bin/gmake -f CMakeFiles/cmTryCompileExec.dir/build.make CMakeFiles/cmTryCompileExec.dir/build
gmake[1]: Entering directory `/home/gacgroup/shuyaota/Geant4/MDMTrace/build/CMakeFiles/CMakeTmp'
/usr/bin/cmake -E cmake_progress_report /home/gacgroup/shuyaota/Geant4/MDMTrace/build/CMakeFiles/CMakeTmp/CMakeFiles 1
Building CXX object CMakeFiles/cmTryCompileExec.dir/testCXXCompiler.cxx.o
/usr/bin/c++     -o CMakeFiles/cmTryCompileExec.dir/testCXXCompiler.cxx.o -c /home/gacgroup/shuyaota/Geant4/MDMTrace/build/CMakeFiles/CMakeTmp/testCXXCompiler.cxx
Linking CXX executable cmTryCompileExec
/usr/bin/cmake -E cmake_link_script CMakeFiles/cmTryCompileExec.dir/link.txt --verbose=1
/usr/bin/c++        -fPIC CMakeFiles/cmTryCompileExec.dir/testCXXCompiler.cxx.o  -o cmTryCompileExec -rdynamic 
gmake[1]: Leaving directory `/home/gacgroup/shuyaota/Geant4/MDMTrace/build/CMakeFiles/CMakeTmp'


Detecting CXX compiler ABI info compiled with the following output:
Change Dir: /home/gacgroup/shuyaota/Geant4/MDMTrace/build/CMakeFiles/CMakeTmp

Run Build Command:/usr/bin/gmake "cmTryCompileExec/fast"
/usr/bin/gmake -f CMakeFiles/cmTryCompileExec.dir/build.make CMakeFiles/cmTryCompileExec.dir/build
gmake[1]: Entering directory `/home/gacgroup/shuyaota/Geant4/MDMTrace/build/CMakeFiles/CMakeTmp'
/usr/bin/cmake -E cmake_progress_report /home/gacgroup/shuyaota/Geant4/MDMTrace/build/CMakeFiles/CMakeTmp/CMakeFiles 1
Building CXX object CMakeFiles/cmTryCompileExec.dir/CMakeCXXCompilerABI.cpp.o
/usr/bin/c++     -o CMakeFiles/cmTryCompileExec.dir/CMakeCXXCompilerABI.cpp.o -c /usr/share/cmake/Modules/CMakeCXXCompilerABI.cpp
Linking CXX executable cmTryCompileExec
/usr/bin/cmake -E cmake_link_script CMakeFiles/cmTryCompileExec.dir/link.txt --verbose=1
/usr/bin/c++        -fPIC CMakeFiles/cmTryCompileExec.dir/CMakeCXXCompilerABI.cpp.o  -o cmTryCompileExec -rdynamic 
gmake[1]: Leaving directory `/home/gacgroup/shuyaota/Geant4/MDMTrace/build/CMakeFiles/CMakeTmp'


Compiling the Fortran compiler identification source file "CMakeFortranCompilerId.F90" succeeded.
Compiler: /opt/intel/composer_xe_2013.2.146/bin/intel64/ifort 
Build flags: 
Id flags: 

The output was:
0


Compilation of the Fortran compiler identification source "CMakeFortranCompilerId.F90" produced "a.out"

The Fortran compiler identification is Intel, found in "/home/gacgroup/shuyaota/Geant4/MDMTrace/build/CMakeFiles/CompilerIdFortran/a.out"

Determining if the Fortran compiler works passed with the following output:
Change Dir: /home/gacgroup/shuyaota/Geant4/MDMTrace/build/CMakeFiles/CMakeTmp

Run Build Command:/usr/bin/gmake "cmTryCompileExec/fast"
/usr/bin/gmake -f CMakeFiles/cmTryCompileExec.dir/build.make CMakeFiles/cmTryCompileExec.dir/build
gmake[1]: Entering directory `/home/gacgroup/shuyaota/Geant4/MDMTrace/build/CMakeFiles/CMakeTmp'
/usr/bin/cmake -E cmake_progress_report /home/gacgroup/shuyaota/Geant4/MDMTrace/build/CMakeFiles/CMakeTmp/CMakeFiles 1
Building Fortran object CMakeFiles/cmTryCompileExec.dir/testFortranCompiler.f.o
/opt/intel/composer_xe_2013.2.146/bin/intel64/ifort  -o CMakeFiles/cmTryCompileExec.dir/testFortranCompiler.f.o   -c /home/gacgroup/shuyaota/Geant4/MDMTrace/build/CMakeFiles/CMakeTmp/testFortranCompiler.f
Linking Fortran executable cmTryCompileExec
/usr/bin/cmake -E cmake_link_script CMakeFiles/cmTryCompileExec.dir/link.txt --verbose=1
/opt/intel/composer_xe_2013.2.146/bin/intel64/ifort   -fPIC     CMakeFiles/cmTryCompileExec.dir/testFortranCompiler.f.o  -o cmTryCompileExec -i_dynamic 
gmake[1]: Leaving directory `/home/gacgroup/shuyaota/Geant4/MDMTrace/build/CMakeFiles/CMakeTmp'


Determining if the Fortran compiler supports Fortran 90 passed with the following output:
Change Dir: /home/gacgroup/shuyaota/Geant4/MDMTrace/build/CMakeFiles/CMakeTmp

Run Build Command:/usr/bin/gmake "cmTryCompileExec/fast"
/usr/bin/gmake -f CMakeFiles/cmTryCompileExec.dir/build.make CMakeFiles/cmTryCompileExec.dir/build
gmake[1]: Entering directory `/home/gacgroup/shuyaota/Geant4/MDMTrace/build/CMakeFiles/CMakeTmp'
/usr/bin/cmake -E cmake_progress_report /home/gacgroup/shuyaota/Geant4/MDMTrace/build/CMakeFiles/CMakeTmp/CMakeFiles 1
Building Fortran object CMakeFiles/cmTryCompileExec.dir/testFortranCompilerF90.f90.o
/opt/intel/composer_xe_2013.2.146/bin/intel64/ifort  -o CMakeFiles/cmTryCompileExec.dir/testFortranCompilerF90.f90.o   -c /home/gacgroup/shuyaota/Geant4/MDMTrace/build/CMakeFiles/CMakeTmp/testFortranCompilerF90.f90
Linking Fortran executable cmTryCompileExec
/usr/bin/cmake -E cmake_link_script CMakeFiles/cmTryCompileExec.dir/link.txt --verbose=1
/opt/intel/composer_xe_2013.2.146/bin/intel64/ifort   -fPIC     CMakeFiles/cmTryCompileExec.dir/testFortranCompilerF90.f90.o  -o cmTryCompileExec -i_dynamic 
gmake[1]: Leaving directory `/home/gacgroup/shuyaota/Geant4/MDMTrace/build/CMakeFiles/CMakeTmp'


